mode: set
github.com/alonsomachado/transaction-outbox-go/internal/adapter/http/card.go:14.60,16.51 2 1
github.com/alonsomachado/transaction-outbox-go/internal/adapter/http/card.go:16.51,18.3 1 0
github.com/alonsomachado/transaction-outbox-go/internal/adapter/http/card.go:19.2,19.32 1 1
github.com/alonsomachado/transaction-outbox-go/internal/adapter/http/card.go:19.32,21.3 1 0
github.com/alonsomachado/transaction-outbox-go/internal/adapter/http/card.go:22.2,24.27 3 1
github.com/alonsomachado/transaction-outbox-go/internal/adapter/http/dto.go:50.85,61.27 3 1
github.com/alonsomachado/transaction-outbox-go/internal/adapter/http/dto.go:61.27,63.10 2 1
github.com/alonsomachado/transaction-outbox-go/internal/adapter/http/dto.go:63.10,64.12 1 0
github.com/alonsomachado/transaction-outbox-go/internal/adapter/http/dto.go:66.3,66.52 1 1
github.com/alonsomachado/transaction-outbox-go/internal/adapter/http/dto.go:66.52,68.4 1 0
github.com/alonsomachado/transaction-outbox-go/internal/adapter/http/dto.go:70.2,70.17 1 1
github.com/alonsomachado/transaction-outbox-go/internal/adapter/http/dto.go:73.52,74.9 1 1
github.com/alonsomachado/transaction-outbox-go/internal/adapter/http/dto.go:75.25,76.43 1 0
github.com/alonsomachado/transaction-outbox-go/internal/adapter/http/dto.go:77.31,78.49 1 0
github.com/alonsomachado/transaction-outbox-go/internal/adapter/http/dto.go:79.44,80.62 1 0
github.com/alonsomachado/transaction-outbox-go/internal/adapter/http/dto.go:81.35,82.53 1 0
github.com/alonsomachado/transaction-outbox-go/internal/adapter/http/dto.go:83.31,84.50 1 0
github.com/alonsomachado/transaction-outbox-go/internal/adapter/http/dto.go:85.38,86.73 1 0
github.com/alonsomachado/transaction-outbox-go/internal/adapter/http/dto.go:87.32,88.50 1 0
github.com/alonsomachado/transaction-outbox-go/internal/adapter/http/dto.go:89.31,90.46 1 0
github.com/alonsomachado/transaction-outbox-go/internal/adapter/http/dto.go:91.10,92.13 1 1
github.com/alonsomachado/transaction-outbox-go/internal/adapter/http/dto.go:102.41,103.9 1 1
github.com/alonsomachado/transaction-outbox-go/internal/adapter/http/dto.go:104.26,105.50 1 0
github.com/alonsomachado/transaction-outbox-go/internal/adapter/http/dto.go:106.20,107.44 1 0
github.com/alonsomachado/transaction-outbox-go/internal/adapter/http/dto.go:108.10,109.13 1 1
github.com/alonsomachado/transaction-outbox-go/internal/adapter/http/dto.go:120.44,121.9 1 1
github.com/alonsomachado/transaction-outbox-go/internal/adapter/http/dto.go:122.23,123.50 1 0
github.com/alonsomachado/transaction-outbox-go/internal/adapter/http/dto.go:124.23,125.50 1 0
github.com/alonsomachado/transaction-outbox-go/internal/adapter/http/dto.go:126.29,127.56 1 0
github.com/alonsomachado/transaction-outbox-go/internal/adapter/http/dto.go:128.10,129.13 1 1
github.com/alonsomachado/transaction-outbox-go/internal/adapter/http/dto.go:156.30,157.13 1 1
github.com/alonsomachado/transaction-outbox-go/internal/adapter/http/dto.go:157.13,159.3 1 0
github.com/alonsomachado/transaction-outbox-go/internal/adapter/http/dto.go:160.2,160.22 1 1
github.com/alonsomachado/transaction-outbox-go/internal/adapter/http/dto.go:160.22,161.25 1 1
github.com/alonsomachado/transaction-outbox-go/internal/adapter/http/dto.go:161.25,163.4 1 0
github.com/alonsomachado/transaction-outbox-go/internal/adapter/http/dto.go:165.2,165.13 1 1
github.com/alonsomachado/transaction-outbox-go/internal/adapter/http/dto.go:171.55,172.9 1 1
github.com/alonsomachado/transaction-outbox-go/internal/adapter/http/dto.go:173.83,174.60 1 0
github.com/alonsomachado/transaction-outbox-go/internal/adapter/http/dto.go:175.47,176.97 1 1
github.com/alonsomachado/transaction-outbox-go/internal/adapter/http/dto.go:177.10,178.46 1 1
github.com/alonsomachado/transaction-outbox-go/internal/adapter/http/dto.go:178.46,180.4 1 0
github.com/alonsomachado/transaction-outbox-go/internal/adapter/http/dto.go:181.3,181.13 1 1
github.com/alonsomachado/transaction-outbox-go/internal/adapter/http/dto.go:193.88,195.32 2 1
github.com/alonsomachado/transaction-outbox-go/internal/adapter/http/dto.go:195.32,197.3 1 1
github.com/alonsomachado/transaction-outbox-go/internal/adapter/http/dto.go:199.2,199.16 1 1
github.com/alonsomachado/transaction-outbox-go/internal/adapter/http/dto.go:200.13,202.10 2 1
github.com/alonsomachado/transaction-outbox-go/internal/adapter/http/dto.go:202.10,204.4 1 1
github.com/alonsomachado/transaction-outbox-go/internal/adapter/http/dto.go:205.3,206.55 2 1
github.com/alonsomachado/transaction-outbox-go/internal/adapter/http/dto.go:206.55,208.4 1 0
github.com/alonsomachado/transaction-outbox-go/internal/adapter/http/dto.go:209.3,209.24 1 1
github.com/alonsomachado/transaction-outbox-go/internal/adapter/http/dto.go:210.16,212.10 2 1
github.com/alonsomachado/transaction-outbox-go/internal/adapter/http/dto.go:212.10,214.4 1 0
github.com/alonsomachado/transaction-outbox-go/internal/adapter/http/dto.go:215.3,216.58 2 1
github.com/alonsomachado/transaction-outbox-go/internal/adapter/http/dto.go:216.58,218.4 1 0
github.com/alonsomachado/transaction-outbox-go/internal/adapter/http/dto.go:219.3,219.27 1 1
github.com/alonsomachado/transaction-outbox-go/internal/adapter/http/dto.go:220.18,221.10 1 0
github.com/alonsomachado/transaction-outbox-go/internal/adapter/http/dto.go:222.65,223.72 1 0
github.com/alonsomachado/transaction-outbox-go/internal/adapter/http/dto.go:224.73,225.76 1 0
github.com/alonsomachado/transaction-outbox-go/internal/adapter/http/dto.go:226.11,227.14 1 0
github.com/alonsomachado/transaction-outbox-go/internal/adapter/http/dto.go:229.41,232.10 3 1
github.com/alonsomachado/transaction-outbox-go/internal/adapter/http/dto.go:232.10,234.4 1 0
github.com/alonsomachado/transaction-outbox-go/internal/adapter/http/dto.go:235.3,236.56 2 1
github.com/alonsomachado/transaction-outbox-go/internal/adapter/http/dto.go:236.56,238.4 1 0
github.com/alonsomachado/transaction-outbox-go/internal/adapter/http/dto.go:239.3,239.31 1 1
github.com/alonsomachado/transaction-outbox-go/internal/adapter/http/dto.go:240.10,241.13 1 0
github.com/alonsomachado/transaction-outbox-go/internal/adapter/http/handler.go:32.70,34.2 1 1
github.com/alonsomachado/transaction-outbox-go/internal/adapter/http/handler.go:54.49,56.34 2 1
github.com/alonsomachado/transaction-outbox-go/internal/adapter/http/handler.go:56.34,59.3 2 0
github.com/alonsomachado/transaction-outbox-go/internal/adapter/http/handler.go:65.2,66.51 2 1
github.com/alonsomachado/transaction-outbox-go/internal/adapter/http/handler.go:66.51,69.3 2 0
github.com/alonsomachado/transaction-outbox-go/internal/adapter/http/handler.go:71.2,72.16 2 1
github.com/alonsomachado/transaction-outbox-go/internal/adapter/http/handler.go:72.16,75.3 2 0
github.com/alonsomachado/transaction-outbox-go/internal/adapter/http/handler.go:76.2,76.39 1 1
github.com/alonsomachado/transaction-outbox-go/internal/adapter/http/handler.go:76.39,79.3 2 0
github.com/alonsomachado/transaction-outbox-go/internal/adapter/http/handler.go:80.2,80.48 1 1
github.com/alonsomachado/transaction-outbox-go/internal/adapter/http/handler.go:80.48,83.3 2 1
github.com/alonsomachado/transaction-outbox-go/internal/adapter/http/handler.go:85.2,86.16 2 1
github.com/alonsomachado/transaction-outbox-go/internal/adapter/http/handler.go:86.16,89.3 2 0
github.com/alonsomachado/transaction-outbox-go/internal/adapter/http/handler.go:90.2,91.16 2 1
github.com/alonsomachado/transaction-outbox-go/internal/adapter/http/handler.go:91.16,94.3 2 0
github.com/alonsomachado/transaction-outbox-go/internal/adapter/http/handler.go:96.2,97.45 2 1
github.com/alonsomachado/transaction-outbox-go/internal/adapter/http/handler.go:98.41,100.17 2 1
github.com/alonsomachado/transaction-outbox-go/internal/adapter/http/handler.go:100.17,103.4 2 0
github.com/alonsomachado/transaction-outbox-go/internal/adapter/http/handler.go:104.3,104.25 1 1
github.com/alonsomachado/transaction-outbox-go/internal/adapter/http/handler.go:107.2,108.41 2 1
github.com/alonsomachado/transaction-outbox-go/internal/adapter/http/handler.go:108.41,109.38 1 1
github.com/alonsomachado/transaction-outbox-go/internal/adapter/http/handler.go:109.38,111.4 1 1
github.com/alonsomachado/transaction-outbox-go/internal/adapter/http/handler.go:114.2,131.16 2 1
github.com/alonsomachado/transaction-outbox-go/internal/adapter/http/handler.go:131.16,134.3 2 0
github.com/alonsomachado/transaction-outbox-go/internal/adapter/http/handler.go:136.2,137.19 2 1
github.com/alonsomachado/transaction-outbox-go/internal/adapter/http/handler.go:137.19,139.3 1 1
github.com/alonsomachado/transaction-outbox-go/internal/adapter/http/handler.go:141.2,145.4 1 1
github.com/alonsomachado/transaction-outbox-go/internal/adapter/http/handler.go:150.41,152.2 1 1
github.com/alonsomachado/transaction-outbox-go/internal/adapter/http/router.go:32.30,34.2 1 0
github.com/alonsomachado/transaction-outbox-go/internal/adapter/http/router.go:36.118,42.63 5 1
github.com/alonsomachado/transaction-outbox-go/internal/adapter/http/router.go:42.63,43.13 1 0
github.com/alonsomachado/transaction-outbox-go/internal/adapter/http/router.go:46.2,49.25 3 1
github.com/alonsomachado/transaction-outbox-go/internal/adapter/http/router.go:49.25,51.3 1 0
github.com/alonsomachado/transaction-outbox-go/internal/adapter/http/router.go:52.2,56.3 3 1
github.com/alonsomachado/transaction-outbox-go/internal/adapter/http/router.go:58.2,58.20 1 1
github.com/alonsomachado/transaction-outbox-go/internal/adapter/http/router.go:58.20,61.3 2 0
github.com/alonsomachado/transaction-outbox-go/internal/adapter/http/router.go:63.2,63.10 1 1
github.com/alonsomachado/transaction-outbox-go/internal/adapter/http/ratelimit/bucket.go:38.57,43.2 1 0
github.com/alonsomachado/transaction-outbox-go/internal/adapter/http/ratelimit/bucket.go:45.105,50.9 4 0
github.com/alonsomachado/transaction-outbox-go/internal/adapter/http/ratelimit/bucket.go:50.9,53.3 2 0
github.com/alonsomachado/transaction-outbox-go/internal/adapter/http/ratelimit/bucket.go:55.2,56.17 2 0
github.com/alonsomachado/transaction-outbox-go/internal/adapter/http/ratelimit/bucket.go:56.17,59.18 3 0
github.com/alonsomachado/transaction-outbox-go/internal/adapter/http/ratelimit/bucket.go:59.18,61.4 1 0
github.com/alonsomachado/transaction-outbox-go/internal/adapter/http/ratelimit/bucket.go:62.3,62.19 1 0
github.com/alonsomachado/transaction-outbox-go/internal/adapter/http/ratelimit/bucket.go:65.2,65.32 1 0
github.com/alonsomachado/transaction-outbox-go/internal/adapter/http/ratelimit/bucket.go:65.32,69.3 3 0
github.com/alonsomachado/transaction-outbox-go/internal/adapter/http/ratelimit/bucket.go:71.2,72.16 2 0
github.com/alonsomachado/transaction-outbox-go/internal/adapter/http/ratelimit/bucket.go:77.79,80.6 3 0
github.com/alonsomachado/transaction-outbox-go/internal/adapter/http/ratelimit/bucket.go:80.6,81.10 1 0
github.com/alonsomachado/transaction-outbox-go/internal/adapter/http/ratelimit/bucket.go:82.15,83.10 1 0
github.com/alonsomachado/transaction-outbox-go/internal/adapter/http/ratelimit/bucket.go:84.26,85.16 1 0
github.com/alonsomachado/transaction-outbox-go/internal/adapter/http/ratelimit/bucket.go:90.46,93.30 3 0
github.com/alonsomachado/transaction-outbox-go/internal/adapter/http/ratelimit/bucket.go:93.30,94.34 1 0
github.com/alonsomachado/transaction-outbox-go/internal/adapter/http/ratelimit/bucket.go:94.34,96.4 1 0
github.com/alonsomachado/transaction-outbox-go/internal/adapter/http/ratelimit/middleware.go:15.77,19.30 3 0
github.com/alonsomachado/transaction-outbox-go/internal/adapter/http/ratelimit/middleware.go:19.30,25.15 4 0
github.com/alonsomachado/transaction-outbox-go/internal/adapter/http/ratelimit/middleware.go:25.15,31.4 5 0
github.com/alonsomachado/transaction-outbox-go/internal/adapter/http/ratelimit/middleware.go:33.3,33.11 1 0
github.com/alonsomachado/transaction-outbox-go/internal/adapter/messaging/consumer.go:46.184,47.27 1 1
github.com/alonsomachado/transaction-outbox-go/internal/adapter/messaging/consumer.go:47.27,49.3 1 1
github.com/alonsomachado/transaction-outbox-go/internal/adapter/messaging/consumer.go:50.2,50.26 1 1
github.com/alonsomachado/transaction-outbox-go/internal/adapter/messaging/consumer.go:50.26,52.3 1 1
github.com/alonsomachado/transaction-outbox-go/internal/adapter/messaging/consumer.go:53.2,64.3 2 1
github.com/alonsomachado/transaction-outbox-go/internal/adapter/messaging/consumer.go:71.82,78.2 2 1
github.com/alonsomachado/transaction-outbox-go/internal/adapter/messaging/consumer.go:80.55,82.16 2 1
github.com/alonsomachado/transaction-outbox-go/internal/adapter/messaging/consumer.go:82.16,84.3 1 0
github.com/alonsomachado/transaction-outbox-go/internal/adapter/messaging/consumer.go:85.2,85.15 1 1
github.com/alonsomachado/transaction-outbox-go/internal/adapter/messaging/consumer.go:85.15,85.33 1 1
github.com/alonsomachado/transaction-outbox-go/internal/adapter/messaging/consumer.go:87.2,87.55 1 1
github.com/alonsomachado/transaction-outbox-go/internal/adapter/messaging/consumer.go:87.55,89.3 1 0
github.com/alonsomachado/transaction-outbox-go/internal/adapter/messaging/consumer.go:91.2,91.53 1 1
github.com/alonsomachado/transaction-outbox-go/internal/adapter/messaging/consumer.go:91.53,93.3 1 0
github.com/alonsomachado/transaction-outbox-go/internal/adapter/messaging/consumer.go:95.2,96.16 2 1
github.com/alonsomachado/transaction-outbox-go/internal/adapter/messaging/consumer.go:96.16,98.3 1 0
github.com/alonsomachado/transaction-outbox-go/internal/adapter/messaging/consumer.go:100.2,100.6 1 1
github.com/alonsomachado/transaction-outbox-go/internal/adapter/messaging/consumer.go:100.6,101.10 1 1
github.com/alonsomachado/transaction-outbox-go/internal/adapter/messaging/consumer.go:102.21,103.14 1 1
github.com/alonsomachado/transaction-outbox-go/internal/adapter/messaging/consumer.go:104.30,105.11 1 1
github.com/alonsomachado/transaction-outbox-go/internal/adapter/messaging/consumer.go:105.11,107.5 1 0
github.com/alonsomachado/transaction-outbox-go/internal/adapter/messaging/consumer.go:108.4,108.20 1 1
github.com/alonsomachado/transaction-outbox-go/internal/adapter/messaging/consumer.go:113.69,134.13 7 1
github.com/alonsomachado/transaction-outbox-go/internal/adapter/messaging/consumer.go:134.13,136.3 1 1
github.com/alonsomachado/transaction-outbox-go/internal/adapter/messaging/consumer.go:138.2,138.71 1 1
github.com/alonsomachado/transaction-outbox-go/internal/adapter/messaging/consumer.go:138.71,147.54 4 1
github.com/alonsomachado/transaction-outbox-go/internal/adapter/messaging/consumer.go:147.54,153.4 5 1
github.com/alonsomachado/transaction-outbox-go/internal/adapter/messaging/consumer.go:155.3,155.38 1 1
github.com/alonsomachado/transaction-outbox-go/internal/adapter/messaging/consumer.go:155.38,161.4 5 1
github.com/alonsomachado/transaction-outbox-go/internal/adapter/messaging/consumer.go:163.3,163.70 1 1
github.com/alonsomachado/transaction-outbox-go/internal/adapter/messaging/consumer.go:163.70,167.4 3 0
github.com/alonsomachado/transaction-outbox-go/internal/adapter/messaging/consumer.go:168.3,170.9 3 1
github.com/alonsomachado/transaction-outbox-go/internal/adapter/messaging/consumer.go:172.2,173.18 2 1
github.com/alonsomachado/transaction-outbox-go/internal/adapter/messaging/consumer.go:176.46,177.41 1 1
github.com/alonsomachado/transaction-outbox-go/internal/adapter/messaging/consumer.go:178.13,179.16 1 1
github.com/alonsomachado/transaction-outbox-go/internal/adapter/messaging/consumer.go:180.13,181.16 1 0
github.com/alonsomachado/transaction-outbox-go/internal/adapter/messaging/consumer.go:182.11,183.16 1 0
github.com/alonsomachado/transaction-outbox-go/internal/adapter/messaging/consumer.go:184.10,185.11 1 1
github.com/alonsomachado/transaction-outbox-go/internal/adapter/messaging/consumer.go:198.85,200.16 2 1
github.com/alonsomachado/transaction-outbox-go/internal/adapter/messaging/consumer.go:200.16,202.3 1 0
github.com/alonsomachado/transaction-outbox-go/internal/adapter/messaging/consumer.go:203.2,203.15 1 1
github.com/alonsomachado/transaction-outbox-go/internal/adapter/messaging/consumer.go:203.15,203.33 1 1
github.com/alonsomachado/transaction-outbox-go/internal/adapter/messaging/consumer.go:205.2,205.42 1 1
github.com/alonsomachado/transaction-outbox-go/internal/adapter/messaging/consumer.go:205.42,207.3 1 0
github.com/alonsomachado/transaction-outbox-go/internal/adapter/messaging/consumer.go:208.2,211.30 3 1
github.com/alonsomachado/transaction-outbox-go/internal/adapter/messaging/consumer.go:211.30,213.3 1 0
github.com/alonsomachado/transaction-outbox-go/internal/adapter/messaging/consumer.go:214.2,232.16 5 1
github.com/alonsomachado/transaction-outbox-go/internal/adapter/messaging/consumer.go:232.16,234.3 1 0
github.com/alonsomachado/transaction-outbox-go/internal/adapter/messaging/consumer.go:236.2,236.9 1 1
github.com/alonsomachado/transaction-outbox-go/internal/adapter/messaging/consumer.go:237.29,238.19 1 1
github.com/alonsomachado/transaction-outbox-go/internal/adapter/messaging/consumer.go:238.19,240.4 1 0
github.com/alonsomachado/transaction-outbox-go/internal/adapter/messaging/consumer.go:241.37,242.73 1 0
github.com/alonsomachado/transaction-outbox-go/internal/adapter/messaging/consumer.go:244.2,244.12 1 1
github.com/alonsomachado/transaction-outbox-go/internal/adapter/messaging/publisher.go:21.51,24.2 2 0
github.com/alonsomachado/transaction-outbox-go/internal/adapter/messaging/publisher.go:26.51,28.2 1 0
github.com/alonsomachado/transaction-outbox-go/internal/adapter/messaging/publisher.go:30.44,32.19 2 0
github.com/alonsomachado/transaction-outbox-go/internal/adapter/messaging/publisher.go:32.19,34.3 1 0
github.com/alonsomachado/transaction-outbox-go/internal/adapter/messaging/publisher.go:35.2,35.13 1 0
github.com/alonsomachado/transaction-outbox-go/internal/adapter/messaging/publisher.go:42.57,44.2 1 1
github.com/alonsomachado/transaction-outbox-go/internal/adapter/messaging/publisher.go:46.87,51.16 4 1
github.com/alonsomachado/transaction-outbox-go/internal/adapter/messaging/publisher.go:51.16,55.3 3 1
github.com/alonsomachado/transaction-outbox-go/internal/adapter/messaging/publisher.go:56.2,56.15 1 1
github.com/alonsomachado/transaction-outbox-go/internal/adapter/messaging/publisher.go:56.15,56.33 1 1
github.com/alonsomachado/transaction-outbox-go/internal/adapter/messaging/publisher.go:58.2,58.42 1 1
github.com/alonsomachado/transaction-outbox-go/internal/adapter/messaging/publisher.go:58.42,62.3 3 0
github.com/alonsomachado/transaction-outbox-go/internal/adapter/messaging/publisher.go:64.2,67.32 3 1
github.com/alonsomachado/transaction-outbox-go/internal/adapter/messaging/publisher.go:67.32,69.3 1 1
github.com/alonsomachado/transaction-outbox-go/internal/adapter/messaging/publisher.go:70.2,82.16 4 1
github.com/alonsomachado/transaction-outbox-go/internal/adapter/messaging/publisher.go:82.16,87.3 4 0
github.com/alonsomachado/transaction-outbox-go/internal/adapter/messaging/publisher.go:89.2,89.9 1 1
github.com/alonsomachado/transaction-outbox-go/internal/adapter/messaging/publisher.go:90.29,91.19 1 1
github.com/alonsomachado/transaction-outbox-go/internal/adapter/messaging/publisher.go:91.19,96.4 4 0
github.com/alonsomachado/transaction-outbox-go/internal/adapter/messaging/publisher.go:97.37,101.13 4 0
github.com/alonsomachado/transaction-outbox-go/internal/adapter/messaging/publisher.go:102.20,105.19 3 0
github.com/alonsomachado/transaction-outbox-go/internal/adapter/messaging/publisher.go:107.2,107.12 1 1
github.com/alonsomachado/transaction-outbox-go/internal/adapter/persistence/migrate.go:16.37,18.2 1 1
github.com/alonsomachado/transaction-outbox-go/internal/adapter/persistence/models.go:26.46,26.74 1 1
github.com/alonsomachado/transaction-outbox-go/internal/adapter/persistence/models.go:46.40,46.61 1 1
github.com/alonsomachado/transaction-outbox-go/internal/adapter/persistence/outbox_repo.go:24.110,25.27 1 1
github.com/alonsomachado/transaction-outbox-go/internal/adapter/persistence/outbox_repo.go:25.27,27.3 1 1
github.com/alonsomachado/transaction-outbox-go/internal/adapter/persistence/outbox_repo.go:28.2,28.26 1 1
github.com/alonsomachado/transaction-outbox-go/internal/adapter/persistence/outbox_repo.go:28.26,30.3 1 1
github.com/alonsomachado/transaction-outbox-go/internal/adapter/persistence/outbox_repo.go:31.2,31.108 1 1
github.com/alonsomachado/transaction-outbox-go/internal/adapter/persistence/outbox_repo.go:34.125,51.21 5 1
github.com/alonsomachado/transaction-outbox-go/internal/adapter/persistence/outbox_repo.go:51.21,53.3 1 0
github.com/alonsomachado/transaction-outbox-go/internal/adapter/persistence/outbox_repo.go:54.2,54.33 1 1
github.com/alonsomachado/transaction-outbox-go/internal/adapter/persistence/outbox_repo.go:57.110,59.67 2 1
github.com/alonsomachado/transaction-outbox-go/internal/adapter/persistence/outbox_repo.go:59.67,67.3 1 1
github.com/alonsomachado/transaction-outbox-go/internal/adapter/persistence/outbox_repo.go:68.2,68.16 1 1
github.com/alonsomachado/transaction-outbox-go/internal/adapter/persistence/outbox_repo.go:68.16,70.3 1 1
github.com/alonsomachado/transaction-outbox-go/internal/adapter/persistence/outbox_repo.go:71.2,72.27 2 1
github.com/alonsomachado/transaction-outbox-go/internal/adapter/persistence/outbox_repo.go:72.27,74.3 1 1
github.com/alonsomachado/transaction-outbox-go/internal/adapter/persistence/outbox_repo.go:75.2,75.18 1 1
github.com/alonsomachado/transaction-outbox-go/internal/adapter/persistence/outbox_repo.go:78.110,82.2 1 1
github.com/alonsomachado/transaction-outbox-go/internal/adapter/persistence/outbox_repo.go:88.104,90.104 2 1
github.com/alonsomachado/transaction-outbox-go/internal/adapter/persistence/outbox_repo.go:90.104,92.3 1 0
github.com/alonsomachado/transaction-outbox-go/internal/adapter/persistence/outbox_repo.go:93.2,101.11 2 1
github.com/alonsomachado/transaction-outbox-go/internal/adapter/persistence/outbox_repo.go:104.106,108.2 1 1
github.com/alonsomachado/transaction-outbox-go/internal/adapter/persistence/outbox_repo.go:110.103,115.2 2 1
github.com/alonsomachado/transaction-outbox-go/internal/adapter/persistence/outbox_repo.go:119.81,125.2 3 1
github.com/alonsomachado/transaction-outbox-go/internal/adapter/persistence/outbox_repo.go:128.84,134.2 3 1
github.com/alonsomachado/transaction-outbox-go/internal/adapter/persistence/outbox_repo.go:139.112,143.18 3 1
github.com/alonsomachado/transaction-outbox-go/internal/adapter/persistence/outbox_repo.go:143.18,145.3 1 1
github.com/alonsomachado/transaction-outbox-go/internal/adapter/persistence/outbox_repo.go:146.2,146.15 1 1
github.com/alonsomachado/transaction-outbox-go/internal/adapter/persistence/outbox_repo.go:146.15,148.3 1 1
github.com/alonsomachado/transaction-outbox-go/internal/adapter/persistence/outbox_repo.go:149.2,149.74 1 1
github.com/alonsomachado/transaction-outbox-go/internal/adapter/persistence/outbox_repo.go:149.74,151.3 1 0
github.com/alonsomachado/transaction-outbox-go/internal/adapter/persistence/outbox_repo.go:152.2,152.19 1 1
github.com/alonsomachado/transaction-outbox-go/internal/adapter/persistence/outbox_repo.go:152.19,154.3 1 1
github.com/alonsomachado/transaction-outbox-go/internal/adapter/persistence/outbox_repo.go:155.2,163.36 2 1
github.com/alonsomachado/transaction-outbox-go/internal/adapter/persistence/outbox_repo.go:166.65,185.2 3 1
github.com/alonsomachado/transaction-outbox-go/internal/adapter/persistence/payment_repo.go:15.63,17.2 1 1
github.com/alonsomachado/transaction-outbox-go/internal/adapter/persistence/payment_repo.go:31.107,53.2 2 1
github.com/alonsomachado/transaction-outbox-go/internal/adapter/persistence/uow.go:17.49,19.2 1 1
github.com/alonsomachado/transaction-outbox-go/internal/adapter/persistence/uow.go:21.97,22.67 1 1
github.com/alonsomachado/transaction-outbox-go/internal/adapter/persistence/uow.go:22.67,24.3 1 1
github.com/alonsomachado/transaction-outbox-go/internal/adapter/persistence/uow.go:27.63,28.47 1 1
github.com/alonsomachado/transaction-outbox-go/internal/adapter/persistence/uow.go:28.47,30.3 1 1
github.com/alonsomachado/transaction-outbox-go/internal/adapter/persistence/uow.go:31.2,31.28 1 0
github.com/alonsomachado/transaction-outbox-go/internal/domain/backoff.go:14.69,15.20 1 1
github.com/alonsomachado/transaction-outbox-go/internal/domain/backoff.go:15.20,17.3 1 0
github.com/alonsomachado/transaction-outbox-go/internal/domain/backoff.go:19.2,20.16 2 1
github.com/alonsomachado/transaction-outbox-go/internal/domain/backoff.go:20.16,22.3 1 0
github.com/alonsomachado/transaction-outbox-go/internal/domain/backoff.go:23.2,24.23 2 1
github.com/alonsomachado/transaction-outbox-go/internal/domain/backoff.go:24.23,26.3 1 0
github.com/alonsomachado/transaction-outbox-go/internal/domain/backoff.go:27.2,27.12 1 1
github.com/alonsomachado/transaction-outbox-go/internal/domain/backoff.go:27.12,29.3 1 0
github.com/alonsomachado/transaction-outbox-go/internal/domain/backoff.go:30.2,30.49 1 1
github.com/alonsomachado/transaction-outbox-go/internal/domain/uuid.go:11.55,12.26 1 1
github.com/alonsomachado/transaction-outbox-go/internal/domain/uuid.go:12.26,14.3 1 1
github.com/alonsomachado/transaction-outbox-go/internal/domain/uuid.go:15.2,16.16 2 0
github.com/alonsomachado/transaction-outbox-go/internal/domain/uuid.go:16.16,18.3 1 0
github.com/alonsomachado/transaction-outbox-go/internal/domain/uuid.go:19.2,19.17 1 0
github.com/alonsomachado/transaction-outbox-go/internal/domain/pii/redact.go:36.30,38.54 2 1
github.com/alonsomachado/transaction-outbox-go/internal/domain/pii/redact.go:38.54,40.46 2 1
github.com/alonsomachado/transaction-outbox-go/internal/domain/pii/redact.go:40.46,42.4 1 1
github.com/alonsomachado/transaction-outbox-go/internal/domain/pii/redact.go:44.2,44.57 1 1
github.com/alonsomachado/transaction-outbox-go/internal/domain/pii/redact.go:49.36,51.48 2 0
github.com/alonsomachado/transaction-outbox-go/internal/domain/pii/redact.go:51.48,53.3 1 0
github.com/alonsomachado/transaction-outbox-go/internal/domain/pii/redact.go:54.2,56.16 3 0
github.com/alonsomachado/transaction-outbox-go/internal/domain/pii/redact.go:56.16,58.3 1 0
github.com/alonsomachado/transaction-outbox-go/internal/domain/pii/redact.go:59.2,59.12 1 0
github.com/alonsomachado/transaction-outbox-go/internal/domain/pii/redact.go:62.33,63.23 1 1
github.com/alonsomachado/transaction-outbox-go/internal/domain/pii/redact.go:64.30,65.25 1 1
github.com/alonsomachado/transaction-outbox-go/internal/domain/pii/redact.go:65.25,66.68 1 1
github.com/alonsomachado/transaction-outbox-go/internal/domain/pii/redact.go:66.68,68.13 2 1
github.com/alonsomachado/transaction-outbox-go/internal/domain/pii/redact.go:70.4,70.20 1 0
github.com/alonsomachado/transaction-outbox-go/internal/domain/pii/redact.go:72.21,73.26 1 0
github.com/alonsomachado/transaction-outbox-go/internal/domain/pii/redact.go:73.26,75.4 1 0
github.com/alonsomachado/transaction-outbox-go/internal/infrastructure/database/database.go:20.46,21.56 1 1
github.com/alonsomachado/transaction-outbox-go/internal/infrastructure/database/database.go:21.56,23.3 1 1
github.com/alonsomachado/transaction-outbox-go/internal/infrastructure/database/database.go:24.2,25.32 2 0
github.com/alonsomachado/transaction-outbox-go/internal/infrastructure/database/database.go:25.32,27.3 1 0
github.com/alonsomachado/transaction-outbox-go/internal/infrastructure/database/database.go:28.2,28.41 1 0
github.com/alonsomachado/transaction-outbox-go/internal/infrastructure/database/database.go:34.60,57.16 4 1
github.com/alonsomachado/transaction-outbox-go/internal/infrastructure/database/database.go:57.16,59.3 1 0
github.com/alonsomachado/transaction-outbox-go/internal/infrastructure/database/database.go:63.2,63.85 1 1
github.com/alonsomachado/transaction-outbox-go/internal/infrastructure/database/database.go:63.85,65.3 1 0
github.com/alonsomachado/transaction-outbox-go/internal/infrastructure/database/database.go:66.2,67.16 2 1
github.com/alonsomachado/transaction-outbox-go/internal/infrastructure/database/database.go:67.16,69.3 1 0
github.com/alonsomachado/transaction-outbox-go/internal/infrastructure/database/database.go:70.2,72.16 3 1
github.com/alonsomachado/transaction-outbox-go/internal/infrastructure/database/listener.go:33.40,40.2 1 1
github.com/alonsomachado/transaction-outbox-go/internal/infrastructure/database/listener.go:46.45,50.6 3 1
github.com/alonsomachado/transaction-outbox-go/internal/infrastructure/database/listener.go:50.6,51.23 1 1
github.com/alonsomachado/transaction-outbox-go/internal/infrastructure/database/listener.go:51.23,53.4 1 0
github.com/alonsomachado/transaction-outbox-go/internal/infrastructure/database/listener.go:54.3,54.43 1 1
github.com/alonsomachado/transaction-outbox-go/internal/infrastructure/database/listener.go:54.43,56.4 1 1
github.com/alonsomachado/transaction-outbox-go/internal/infrastructure/database/listener.go:57.3,57.10 1 1
github.com/alonsomachado/transaction-outbox-go/internal/infrastructure/database/listener.go:58.21,59.10 1 1
github.com/alonsomachado/transaction-outbox-go/internal/infrastructure/database/listener.go:60.30,60.30 0 0
github.com/alonsomachado/transaction-outbox-go/internal/infrastructure/database/listener.go:62.3,63.27 2 0
github.com/alonsomachado/transaction-outbox-go/internal/infrastructure/database/listener.go:63.27,65.4 1 0
github.com/alonsomachado/transaction-outbox-go/internal/infrastructure/database/listener.go:69.58,71.16 2 1
github.com/alonsomachado/transaction-outbox-go/internal/infrastructure/database/listener.go:71.16,73.3 1 0
github.com/alonsomachado/transaction-outbox-go/internal/infrastructure/database/listener.go:74.2,74.15 1 1
github.com/alonsomachado/transaction-outbox-go/internal/infrastructure/database/listener.go:74.15,74.55 1 1
github.com/alonsomachado/transaction-outbox-go/internal/infrastructure/database/listener.go:76.2,76.63 1 1
github.com/alonsomachado/transaction-outbox-go/internal/infrastructure/database/listener.go:76.63,78.3 1 0
github.com/alonsomachado/transaction-outbox-go/internal/infrastructure/database/listener.go:84.2,84.6 1 1
github.com/alonsomachado/transaction-outbox-go/internal/infrastructure/database/listener.go:84.6,86.17 2 1
github.com/alonsomachado/transaction-outbox-go/internal/infrastructure/database/listener.go:86.17,88.4 1 1
github.com/alonsomachado/transaction-outbox-go/internal/infrastructure/database/listener.go:89.3,89.26 1 1
github.com/alonsomachado/transaction-outbox-go/internal/infrastructure/database/listener.go:89.26,90.12 1 0
github.com/alonsomachado/transaction-outbox-go/internal/infrastructure/database/listener.go:92.3,92.10 1 1
github.com/alonsomachado/transaction-outbox-go/internal/infrastructure/database/listener.go:93.31,93.31 0 1
github.com/alonsomachado/transaction-outbox-go/internal/infrastructure/database/listener.go:94.11,94.11 0 0
github.com/alonsomachado/transaction-outbox-go/internal/infrastructure/rabbitmq/rabbitmq.go:27.69,29.2 1 1
github.com/alonsomachado/transaction-outbox-go/internal/infrastructure/rabbitmq/rabbitmq.go:31.52,32.53 1 1
github.com/alonsomachado/transaction-outbox-go/internal/infrastructure/rabbitmq/rabbitmq.go:32.53,34.3 1 0
github.com/alonsomachado/transaction-outbox-go/internal/infrastructure/rabbitmq/rabbitmq.go:35.2,35.12 1 1
github.com/alonsomachado/transaction-outbox-go/internal/infrastructure/rabbitmq/rabbitmq.go:39.40,40.28 1 1
github.com/alonsomachado/transaction-outbox-go/internal/infrastructure/rabbitmq/rabbitmq.go:40.28,41.18 1 1
github.com/alonsomachado/transaction-outbox-go/internal/infrastructure/rabbitmq/rabbitmq.go:41.18,43.4 1 1
github.com/alonsomachado/transaction-outbox-go/internal/infrastructure/rabbitmq/rabbitmq.go:45.2,45.14 1 1
github.com/alonsomachado/transaction-outbox-go/internal/infrastructure/rabbitmq/rabbitmq.go:50.37,52.2 1 1
github.com/alonsomachado/transaction-outbox-go/internal/infrastructure/rabbitmq/rabbitmq.go:56.35,58.2 1 1
github.com/alonsomachado/transaction-outbox-go/internal/infrastructure/rabbitmq/rabbitmq.go:65.42,67.2 1 1
github.com/alonsomachado/transaction-outbox-go/internal/infrastructure/rabbitmq/rabbitmq.go:71.42,73.2 1 1
github.com/alonsomachado/transaction-outbox-go/internal/infrastructure/rabbitmq/rabbitmq.go:77.45,79.2 1 1
github.com/alonsomachado/transaction-outbox-go/internal/infrastructure/rabbitmq/rabbitmq.go:85.50,86.28 1 0
github.com/alonsomachado/transaction-outbox-go/internal/infrastructure/rabbitmq/rabbitmq.go:86.28,87.27 1 0
github.com/alonsomachado/transaction-outbox-go/internal/infrastructure/rabbitmq/rabbitmq.go:87.27,89.4 1 0
github.com/alonsomachado/transaction-outbox-go/internal/infrastructure/rabbitmq/rabbitmq.go:91.2,91.18 1 0
github.com/alonsomachado/transaction-outbox-go/internal/infrastructure/rabbitmq/rabbitmq.go:97.46,98.45 1 1
github.com/alonsomachado/transaction-outbox-go/internal/infrastructure/rabbitmq/rabbitmq.go:98.45,100.3 1 0
github.com/alonsomachado/transaction-outbox-go/internal/infrastructure/rabbitmq/rabbitmq.go:101.2,101.33 1 1
github.com/alonsomachado/transaction-outbox-go/internal/infrastructure/rabbitmq/rabbitmq.go:101.33,102.56 1 1
github.com/alonsomachado/transaction-outbox-go/internal/infrastructure/rabbitmq/rabbitmq.go:102.56,104.4 1 0
github.com/alonsomachado/transaction-outbox-go/internal/infrastructure/rabbitmq/rabbitmq.go:106.2,106.12 1 1
github.com/alonsomachado/transaction-outbox-go/internal/infrastructure/rabbitmq/rabbitmq.go:114.58,115.45 1 1
github.com/alonsomachado/transaction-outbox-go/internal/infrastructure/rabbitmq/rabbitmq.go:115.45,117.3 1 0
github.com/alonsomachado/transaction-outbox-go/internal/infrastructure/rabbitmq/rabbitmq.go:118.2,118.39 1 1
github.com/alonsomachado/transaction-outbox-go/internal/infrastructure/rabbitmq/rabbitmq.go:121.47,122.90 1 1
github.com/alonsomachado/transaction-outbox-go/internal/infrastructure/rabbitmq/rabbitmq.go:122.90,124.3 1 0
github.com/alonsomachado/transaction-outbox-go/internal/infrastructure/rabbitmq/rabbitmq.go:125.2,125.94 1 1
github.com/alonsomachado/transaction-outbox-go/internal/infrastructure/rabbitmq/rabbitmq.go:125.94,127.3 1 0
github.com/alonsomachado/transaction-outbox-go/internal/infrastructure/rabbitmq/rabbitmq.go:128.2,128.12 1 1
github.com/alonsomachado/transaction-outbox-go/internal/infrastructure/rabbitmq/rabbitmq.go:144.64,147.80 3 1
github.com/alonsomachado/transaction-outbox-go/internal/infrastructure/rabbitmq/rabbitmq.go:147.80,149.3 1 0
github.com/alonsomachado/transaction-outbox-go/internal/infrastructure/rabbitmq/rabbitmq.go:150.2,150.74 1 1
github.com/alonsomachado/transaction-outbox-go/internal/infrastructure/rabbitmq/rabbitmq.go:150.74,152.3 1 0
github.com/alonsomachado/transaction-outbox-go/internal/infrastructure/rabbitmq/rabbitmq.go:154.2,160.83 3 1
github.com/alonsomachado/transaction-outbox-go/internal/infrastructure/rabbitmq/rabbitmq.go:160.83,162.3 1 0
github.com/alonsomachado/transaction-outbox-go/internal/infrastructure/rabbitmq/rabbitmq.go:163.2,163.89 1 1
github.com/alonsomachado/transaction-outbox-go/internal/infrastructure/rabbitmq/rabbitmq.go:163.89,165.3 1 0
github.com/alonsomachado/transaction-outbox-go/internal/infrastructure/rabbitmq/rabbitmq.go:174.2,180.93 3 1
github.com/alonsomachado/transaction-outbox-go/internal/infrastructure/rabbitmq/rabbitmq.go:180.93,182.3 1 0
github.com/alonsomachado/transaction-outbox-go/internal/infrastructure/rabbitmq/rabbitmq.go:183.2,183.12 1 1
github.com/alonsomachado/transaction-outbox-go/internal/observability/metrics.go:20.72,22.16 2 1
github.com/alonsomachado/transaction-outbox-go/internal/observability/metrics.go:22.16,24.3 1 0
github.com/alonsomachado/transaction-outbox-go/internal/observability/metrics.go:25.2,25.10 1 1
github.com/alonsomachado/transaction-outbox-go/internal/observability/metrics.go:30.68,32.16 2 1
github.com/alonsomachado/transaction-outbox-go/internal/observability/metrics.go:32.16,34.3 1 0
github.com/alonsomachado/transaction-outbox-go/internal/observability/metrics.go:35.2,35.10 1 1
github.com/alonsomachado/transaction-outbox-go/internal/usecase/consume/process.go:36.87,43.2 2 1
github.com/alonsomachado/transaction-outbox-go/internal/usecase/consume/process.go:63.93,68.51 4 1
github.com/alonsomachado/transaction-outbox-go/internal/usecase/consume/process.go:68.51,70.3 1 0
github.com/alonsomachado/transaction-outbox-go/internal/usecase/consume/process.go:72.2,77.74 2 1
github.com/alonsomachado/transaction-outbox-go/internal/usecase/consume/process.go:77.74,80.3 2 1
github.com/alonsomachado/transaction-outbox-go/internal/usecase/consume/process.go:82.2,83.16 2 1
github.com/alonsomachado/transaction-outbox-go/internal/usecase/consume/process.go:83.16,85.3 1 1
github.com/alonsomachado/transaction-outbox-go/internal/usecase/consume/process.go:86.2,89.16 3 1
github.com/alonsomachado/transaction-outbox-go/internal/usecase/consume/process.go:89.16,91.3 1 0
github.com/alonsomachado/transaction-outbox-go/internal/usecase/consume/process.go:92.2,93.16 2 1
github.com/alonsomachado/transaction-outbox-go/internal/usecase/consume/process.go:93.16,95.3 1 0
github.com/alonsomachado/transaction-outbox-go/internal/usecase/consume/process.go:97.2,116.60 3 1
github.com/alonsomachado/transaction-outbox-go/internal/usecase/consume/process.go:116.60,118.3 1 1
github.com/alonsomachado/transaction-outbox-go/internal/usecase/consume/process.go:119.2,119.16 1 1
github.com/alonsomachado/transaction-outbox-go/internal/usecase/consume/process.go:119.16,122.3 2 0
github.com/alonsomachado/transaction-outbox-go/internal/usecase/consume/process.go:123.2,124.12 2 1
github.com/alonsomachado/transaction-outbox-go/internal/usecase/consume/process.go:130.60,134.2 3 1
github.com/alonsomachado/transaction-outbox-go/internal/usecase/ingest/ingest.go:26.84,28.2 1 1
github.com/alonsomachado/transaction-outbox-go/internal/usecase/ingest/ingest.go:73.87,80.16 4 1
github.com/alonsomachado/transaction-outbox-go/internal/usecase/ingest/ingest.go:80.16,85.3 4 0
github.com/alonsomachado/transaction-outbox-go/internal/usecase/ingest/ingest.go:87.2,102.16 2 1
github.com/alonsomachado/transaction-outbox-go/internal/usecase/ingest/ingest.go:102.16,107.3 4 0
github.com/alonsomachado/transaction-outbox-go/internal/usecase/ingest/ingest.go:113.2,121.32 5 1
github.com/alonsomachado/transaction-outbox-go/internal/usecase/ingest/ingest.go:121.32,123.3 1 1
github.com/alonsomachado/transaction-outbox-go/internal/usecase/ingest/ingest.go:124.2,140.64 4 1
github.com/alonsomachado/transaction-outbox-go/internal/usecase/ingest/ingest.go:140.64,144.3 3 1
github.com/alonsomachado/transaction-outbox-go/internal/usecase/ingest/ingest.go:144.17,149.3 4 0
github.com/alonsomachado/transaction-outbox-go/internal/usecase/ingest/ingest.go:150.2,152.84 2 1
github.com/alonsomachado/transaction-outbox-go/internal/usecase/ingest/ingest.go:155.72,158.21 3 1
github.com/alonsomachado/transaction-outbox-go/internal/usecase/ingest/ingest.go:158.21,160.3 1 1
github.com/alonsomachado/transaction-outbox-go/internal/usecase/ingest/ingest.go:161.2,162.35 2 1
github.com/alonsomachado/transaction-outbox-go/internal/usecase/outbox/dispatch.go:36.19,49.2 2 1
github.com/alonsomachado/transaction-outbox-go/internal/usecase/outbox/dispatch.go:70.76,82.6 7 1
github.com/alonsomachado/transaction-outbox-go/internal/usecase/outbox/dispatch.go:82.6,83.10 1 1
github.com/alonsomachado/transaction-outbox-go/internal/usecase/outbox/dispatch.go:84.21,85.23 1 1
github.com/alonsomachado/transaction-outbox-go/internal/usecase/outbox/dispatch.go:85.23,87.5 1 0
github.com/alonsomachado/transaction-outbox-go/internal/usecase/outbox/dispatch.go:88.4,88.10 1 1
github.com/alonsomachado/transaction-outbox-go/internal/usecase/outbox/dispatch.go:89.19,90.19 1 1
github.com/alonsomachado/transaction-outbox-go/internal/usecase/outbox/dispatch.go:91.24,92.77 1 0
github.com/alonsomachado/transaction-outbox-go/internal/usecase/outbox/dispatch.go:92.77,94.5 1 0
github.com/alonsomachado/transaction-outbox-go/internal/usecase/outbox/dispatch.go:95.18,96.23 1 0
github.com/alonsomachado/transaction-outbox-go/internal/usecase/outbox/dispatch.go:96.23,99.5 2 0
github.com/alonsomachado/transaction-outbox-go/internal/usecase/outbox/dispatch.go:100.20,103.19 3 0
github.com/alonsomachado/transaction-outbox-go/internal/usecase/outbox/dispatch.go:108.56,113.16 4 1
github.com/alonsomachado/transaction-outbox-go/internal/usecase/outbox/dispatch.go:113.16,118.3 4 1
github.com/alonsomachado/transaction-outbox-go/internal/usecase/outbox/dispatch.go:120.2,122.27 2 1
github.com/alonsomachado/transaction-outbox-go/internal/usecase/outbox/dispatch.go:122.27,123.55 1 1
github.com/alonsomachado/transaction-outbox-go/internal/usecase/outbox/dispatch.go:123.55,126.40 3 1
github.com/alonsomachado/transaction-outbox-go/internal/usecase/outbox/dispatch.go:126.40,128.84 2 1
github.com/alonsomachado/transaction-outbox-go/internal/usecase/outbox/dispatch.go:128.84,130.6 1 0
github.com/alonsomachado/transaction-outbox-go/internal/usecase/outbox/dispatch.go:131.10,133.84 2 1
github.com/alonsomachado/transaction-outbox-go/internal/usecase/outbox/dispatch.go:133.84,135.6 1 0
github.com/alonsomachado/transaction-outbox-go/internal/usecase/outbox/dispatch.go:137.4,137.12 1 1
github.com/alonsomachado/transaction-outbox-go/internal/usecase/outbox/dispatch.go:139.3,140.91 2 1
github.com/alonsomachado/transaction-outbox-go/internal/usecase/outbox/dispatch.go:140.91,142.4 1 0
github.com/alonsomachado/transaction-outbox-go/internal/usecase/outbox/dispatch.go:146.3,146.101 1 1
github.com/alonsomachado/transaction-outbox-go/internal/usecase/outbox/dispatch.go:149.2,157.62 2 1
github.com/alonsomachado/transaction-outbox-go/internal/usecase/outbox/dispatch.go:157.62,159.3 1 0
github.com/alonsomachado/transaction-outbox-go/internal/usecase/outbox/dispatch.go:159.8,161.3 1 1
github.com/alonsomachado/transaction-outbox-go/internal/usecase/outbox/dispatch.go:162.2,162.65 1 1
github.com/alonsomachado/transaction-outbox-go/internal/usecase/outbox/dispatch.go:162.65,164.3 1 0
github.com/alonsomachado/transaction-outbox-go/internal/usecase/outbox/dispatch.go:164.8,166.3 1 1
